android/build/intermediates/manifest_merge_blame_file/debug/processDebugManifest/manifest-merger-blame-debug-report.txt
1<?xml version="1.0" encoding="utf-8"?>
2<manifest xmlns:android="http://schemas.android.com/apk/res/android"
3    package="com.eov.reactnative.facesdk" >
4
5    <uses-sdk android:minSdkVersion="24" />
6
7    <uses-permission android:name="android.permission.CAMERA" />
7-->src/main/AndroidManifest.xml:2:5-65
7-->src/main/AndroidManifest.xml:2:22-62
8    <uses-permission android:name="android.permission.INTERNET" />
8-->src/main/AndroidManifest.xml:3:5-67
8-->src/main/AndroidManifest.xml:3:22-64
9
10    <uses-feature
10-->src/main/AndroidManifest.xml:5:5-84
11        android:name="android.hardware.camera"
11-->src/main/AndroidManifest.xml:5:19-57
12        android:required="true" />
12-->src/main/AndroidManifest.xml:5:58-81
13    <uses-feature
13-->src/main/AndroidManifest.xml:6:5-95
14        android:name="android.hardware.camera.autofocus"
14-->src/main/AndroidManifest.xml:6:19-67
15        android:required="false" />
15-->src/main/AndroidManifest.xml:6:68-92
16
17</manifest>